mode: set
github.com/Ayash-Bera/ophelia/backend/cmd/seed/main.go:6.13,8.2 1 0
github.com/Ayash-Bera/ophelia/backend/cmd/server/main.go:11.13,13.40 1 0
github.com/Ayash-Bera/ophelia/backend/cmd/server/main.go:13.40,15.3 1 0
github.com/Ayash-Bera/ophelia/backend/cmd/server/main.go:18.2,21.29 2 0
github.com/Ayash-Bera/ophelia/backend/cmd/server/main.go:21.29,27.36 5 0
github.com/Ayash-Bera/ophelia/backend/cmd/server/main.go:27.36,30.4 2 0
github.com/Ayash-Bera/ophelia/backend/cmd/server/main.go:32.3,32.11 1 0
github.com/Ayash-Bera/ophelia/backend/cmd/server/main.go:36.2,36.40 1 0
github.com/Ayash-Bera/ophelia/backend/cmd/server/main.go:36.40,41.3 1 0
github.com/Ayash-Bera/ophelia/backend/cmd/server/main.go:44.2,45.2 2 0
github.com/Ayash-Bera/ophelia/backend/cmd/server/main.go:45.2,46.44 1 0
github.com/Ayash-Bera/ophelia/backend/cmd/server/main.go:46.44,48.4 1 0
github.com/Ayash-Bera/ophelia/backend/cmd/server/main.go:52.2,53.16 2 0
github.com/Ayash-Bera/ophelia/backend/cmd/server/main.go:53.16,55.3 1 0
github.com/Ayash-Bera/ophelia/backend/cmd/server/main.go:57.2,58.19 2 0
github.com/Ayash-Bera/ophelia/backend/internal/config/config.go:28.30,42.45 10 0
github.com/Ayash-Bera/ophelia/backend/internal/config/config.go:42.45,43.56 1 0
github.com/Ayash-Bera/ophelia/backend/internal/config/config.go:43.56,45.4 1 0
github.com/Ayash-Bera/ophelia/backend/internal/config/config.go:48.2,55.21 7 0
github.com/Ayash-Bera/ophelia/backend/internal/config/config.go:58.44,59.30 1 0
github.com/Ayash-Bera/ophelia/backend/internal/config/config.go:59.30,61.3 1 0
github.com/Ayash-Bera/ophelia/backend/internal/config/config.go:62.2,62.31 1 0
github.com/Ayash-Bera/ophelia/backend/internal/config/config.go:62.31,64.3 1 0
github.com/Ayash-Bera/ophelia/backend/internal/config/config.go:65.2,65.12 1 0
github.com/Ayash-Bera/ophelia/backend/pkg/utils/logger.go:11.19,21.15 4 0
github.com/Ayash-Bera/ophelia/backend/pkg/utils/logger.go:22.15,23.37 1 0
github.com/Ayash-Bera/ophelia/backend/pkg/utils/logger.go:24.14,25.36 1 0
github.com/Ayash-Bera/ophelia/backend/pkg/utils/logger.go:26.14,27.36 1 0
github.com/Ayash-Bera/ophelia/backend/pkg/utils/logger.go:28.15,29.37 1 0
github.com/Ayash-Bera/ophelia/backend/pkg/utils/logger.go:30.10,31.36 1 0
github.com/Ayash-Bera/ophelia/backend/pkg/utils/logger.go:34.2,34.29 1 0
github.com/Ayash-Bera/ophelia/backend/pkg/utils/logger.go:37.33,38.19 1 0
github.com/Ayash-Bera/ophelia/backend/pkg/utils/logger.go:38.19,40.3 1 0
github.com/Ayash-Bera/ophelia/backend/pkg/utils/logger.go:41.2,41.15 1 0
github.com/Ayash-Bera/ophelia/backend/pkg/utils/response.go:14.82,20.2 1 0
github.com/Ayash-Bera/ophelia/backend/pkg/utils/response.go:22.73,28.16 2 0
github.com/Ayash-Bera/ophelia/backend/pkg/utils/response.go:28.16,30.3 1 0
github.com/Ayash-Bera/ophelia/backend/pkg/utils/response.go:32.2,32.24 1 0
github.com/Ayash-Bera/ophelia/backend/internal/alchemyst/client.go:21.71,30.2 1 1
github.com/Ayash-Bera/ophelia/backend/internal/alchemyst/client.go:32.58,34.2 1 1
github.com/Ayash-Bera/ophelia/backend/internal/alchemyst/client.go:36.76,40.2 3 1
github.com/Ayash-Bera/ophelia/backend/internal/alchemyst/client.go:42.64,44.2 1 0
github.com/Ayash-Bera/ophelia/backend/internal/alchemyst/client.go:46.62,50.2 3 0
github.com/Ayash-Bera/ophelia/backend/internal/alchemyst/client.go:52.102,56.20 3 1
github.com/Ayash-Bera/ophelia/backend/internal/alchemyst/client.go:56.20,58.17 2 1
github.com/Ayash-Bera/ophelia/backend/internal/alchemyst/client.go:58.17,60.4 1 0
github.com/Ayash-Bera/ophelia/backend/internal/alchemyst/client.go:61.3,61.35 1 1
github.com/Ayash-Bera/ophelia/backend/internal/alchemyst/client.go:64.2,65.16 2 1
github.com/Ayash-Bera/ophelia/backend/internal/alchemyst/client.go:65.16,67.3 1 0
github.com/Ayash-Bera/ophelia/backend/internal/alchemyst/client.go:69.2,79.16 5 1
github.com/Ayash-Bera/ophelia/backend/internal/alchemyst/client.go:79.16,81.3 1 0
github.com/Ayash-Bera/ophelia/backend/internal/alchemyst/client.go:82.2,85.16 3 1
github.com/Ayash-Bera/ophelia/backend/internal/alchemyst/client.go:85.16,87.3 1 0
github.com/Ayash-Bera/ophelia/backend/internal/alchemyst/client.go:89.2,95.53 2 1
github.com/Ayash-Bera/ophelia/backend/internal/alchemyst/client.go:95.53,97.3 1 1
github.com/Ayash-Bera/ophelia/backend/internal/alchemyst/client.go:99.2,99.44 1 1
github.com/Ayash-Bera/ophelia/backend/internal/alchemyst/client.go:99.44,100.62 1 1
github.com/Ayash-Bera/ophelia/backend/internal/alchemyst/client.go:100.62,102.4 1 0
github.com/Ayash-Bera/ophelia/backend/internal/alchemyst/client.go:105.2,105.12 1 1
github.com/Ayash-Bera/ophelia/backend/internal/alchemyst/retry.go:18.39,24.2 1 0
github.com/Ayash-Bera/ophelia/backend/internal/alchemyst/retry.go:26.88,27.44 1 0
github.com/Ayash-Bera/ophelia/backend/internal/alchemyst/retry.go:27.44,29.3 1 0
github.com/Ayash-Bera/ophelia/backend/internal/alchemyst/retry.go:32.106,34.44 2 0
github.com/Ayash-Bera/ophelia/backend/internal/alchemyst/retry.go:34.44,38.3 3 0
github.com/Ayash-Bera/ophelia/backend/internal/alchemyst/retry.go:39.2,39.20 1 0
github.com/Ayash-Bera/ophelia/backend/internal/alchemyst/retry.go:42.84,45.60 2 0
github.com/Ayash-Bera/ophelia/backend/internal/alchemyst/retry.go:45.60,46.10 1 0
github.com/Ayash-Bera/ophelia/backend/internal/alchemyst/retry.go:47.21,48.20 1 0
github.com/Ayash-Bera/ophelia/backend/internal/alchemyst/retry.go:49.11,49.11 0 0
github.com/Ayash-Bera/ophelia/backend/internal/alchemyst/retry.go:52.3,53.17 2 0
github.com/Ayash-Bera/ophelia/backend/internal/alchemyst/retry.go:53.17,55.4 1 0
github.com/Ayash-Bera/ophelia/backend/internal/alchemyst/retry.go:57.3,57.35 1 0
github.com/Ayash-Bera/ophelia/backend/internal/alchemyst/retry.go:57.35,59.4 1 0
github.com/Ayash-Bera/ophelia/backend/internal/alchemyst/retry.go:61.3,62.30 2 0
github.com/Ayash-Bera/ophelia/backend/internal/alchemyst/retry.go:62.30,64.4 1 0
github.com/Ayash-Bera/ophelia/backend/internal/alchemyst/retry.go:66.3,72.10 2 0
github.com/Ayash-Bera/ophelia/backend/internal/alchemyst/retry.go:73.21,74.20 1 0
github.com/Ayash-Bera/ophelia/backend/internal/alchemyst/retry.go:75.28,75.28 0 0
github.com/Ayash-Bera/ophelia/backend/internal/alchemyst/retry.go:79.2,79.12 1 0
github.com/Ayash-Bera/ophelia/backend/internal/alchemyst/service.go:15.65,20.2 1 0
github.com/Ayash-Bera/ophelia/backend/internal/alchemyst/service.go:22.89,40.2 2 0
github.com/Ayash-Bera/ophelia/backend/internal/alchemyst/service.go:42.101,51.16 3 0
github.com/Ayash-Bera/ophelia/backend/internal/alchemyst/service.go:51.16,53.3 1 0
github.com/Ayash-Bera/ophelia/backend/internal/alchemyst/service.go:55.2,55.30 1 0
github.com/Ayash-Bera/ophelia/backend/internal/alchemyst/service.go:58.78,65.2 2 0
